[main 38e6f60] Auto update 2025-05-29 18:00:01
 1 file changed, 0 insertions(+), 0 deletions(-)
 create mode 100644 git-sync.log
Schwerwiegend: could not read Username for 'https://github.com': Kein passendes Gerät bzw. keine passende Adresse gefunden
[main 5fa130e] Auto update 2025-05-30 18:00:00
 2 files changed, 19 insertions(+)
 create mode 100644 config/hypr/hyprlock.conf
Schwerwiegend: could not read Username for 'https://github.com': Kein passendes Gerät bzw. keine passende Adresse gefunden
[main bd5f057] Auto update 2025-05-31 18:00:00
 3 files changed, 38 insertions(+), 12 deletions(-)
Schwerwiegend: konnte nicht auf 'https://github.com/RubyUwU56/dotfiles.git/' zugreifen: Could not resolve host: github.com
[main c935654] Auto update 2025-06-01 18:00:00
 1 file changed, 3 insertions(+)
Schwerwiegend: could not read Username for 'https://github.com': Kein passendes Gerät bzw. keine passende Adresse gefunden
[main 2138664] Auto update 2025-06-02 18:00:00
 2 files changed, 9 insertions(+), 1 deletion(-)
Schwerwiegend: could not read Username for 'https://github.com': Kein passendes Gerät bzw. keine passende Adresse gefunden
[main 6176627] Auto update 2025-06-03 18:00:00
 19 files changed, 3 insertions(+), 1554 deletions(-)
 delete mode 100644 dotfiles/config/hypr/hyprland.conf
 delete mode 100644 dotfiles/config/hypr/hyprpaper.conf
 delete mode 100755 dotfiles/config/hypr/scripts/alt_tab_switcher.sh
 delete mode 100644 dotfiles/config/kitty/kitty.conf
 delete mode 100644 dotfiles/config/neofetch/config.conf
 delete mode 100644 dotfiles/config/qt5ct/qt5ct.conf
 delete mode 100644 dotfiles/config/waybar/config
 delete mode 100755 dotfiles/config/waybar/scripts/focuswindow.sh
 delete mode 100755 dotfiles/config/waybar/scripts/kill.sh
 delete mode 100755 dotfiles/config/waybar/scripts/network_popup.sh
 delete mode 100755 dotfiles/config/waybar/scripts/open-network-manager.sh
 delete mode 100755 dotfiles/config/waybar/scripts/player.sh
 delete mode 100755 dotfiles/config/waybar/scripts/player_menu.sh
 delete mode 100755 dotfiles/config/waybar/scripts/powermenu.sh
 delete mode 100755 dotfiles/config/waybar/scripts/powermenu.sh.save
 delete mode 100755 dotfiles/config/waybar/scripts/toggleminimize.sh
 delete mode 100755 dotfiles/config/waybar/scripts/wifi_menu.sh
 delete mode 100644 dotfiles/config/waybar/style.css
Schwerwiegend: could not read Username for 'https://github.com': Kein passendes Gerät bzw. keine passende Adresse gefunden
[main deaed90] Auto update 2025-06-04 18:00:01
 1 file changed, 21 insertions(+)
Schwerwiegend: could not read Username for 'https://github.com': Kein passendes Gerät bzw. keine passende Adresse gefunden
[main 758d11e] Auto update 2025-06-10 18:00:00
 1 file changed, 3 insertions(+)
Schwerwiegend: could not read Username for 'https://github.com': Kein passendes Gerät bzw. keine passende Adresse gefunden
[main 8629a04] Auto update 2025-06-13 18:00:00
 2 files changed, 8 insertions(+)
Schwerwiegend: could not read Username for 'https://github.com': Kein passendes Gerät bzw. keine passende Adresse gefunden
[main 3157a03] Auto update 2025-06-15 18:00:00
 1 file changed, 3 insertions(+)
Schwerwiegend: could not read Username for 'https://github.com': Kein passendes Gerät bzw. keine passende Adresse gefunden
[main 1c10d71] Auto update 2025-06-16 18:00:00
 8 files changed, 171 insertions(+), 8 deletions(-)
 create mode 100755 config/hypr/wallpaper-menu.sh
 create mode 100755 config/hypr/wallpaper-picker.sh
 create mode 100755 config/hypr/wallpaper-preview.sh
 create mode 100755 config/hypr/wallpaper-switcher-fuzzel.sh
 create mode 100755 config/hypr/wallpaper-switcher.sh
Schwerwiegend: could not read Username for 'https://github.com': Kein passendes Gerät bzw. keine passende Adresse gefunden
[main dd51e74] Auto update 2025-06-17 18:00:00
 2 files changed, 11 insertions(+)
Schwerwiegend: could not read Username for 'https://github.com': Kein passendes Gerät bzw. keine passende Adresse gefunden
[main 9484243] Auto update 2025-06-18 18:00:00
 1 file changed, 3 insertions(+)
Schwerwiegend: could not read Username for 'https://github.com': Kein passendes Gerät bzw. keine passende Adresse gefunden
[main c0d62f0] Auto update 2025-06-19 18:00:00
 1 file changed, 3 insertions(+)
Schwerwiegend: could not read Username for 'https://github.com': Kein passendes Gerät bzw. keine passende Adresse gefunden
